0 info it worked if it ends with ok
1 verbose cli [ '/Users/olegsokolov/.nvm/versions/node/v6.9.1/bin/node',
1 verbose cli   '/Users/olegsokolov/.nvm/versions/node/v6.9.1/bin/npm',
1 verbose cli   'run',
1 verbose cli   'dist-mac' ]
2 info using npm@3.10.8
3 info using node@v6.9.1
4 verbose run-script [ 'predist-mac', 'dist-mac', 'postdist-mac' ]
5 info lifecycle NavToolUpdater@0.0.19~predist-mac: NavToolUpdater@0.0.19
6 silly lifecycle NavToolUpdater@0.0.19~predist-mac: no script for predist-mac, continuing
7 info lifecycle NavToolUpdater@0.0.19~dist-mac: NavToolUpdater@0.0.19
8 verbose lifecycle NavToolUpdater@0.0.19~dist-mac: unsafe-perm in lifecycle true
9 verbose lifecycle NavToolUpdater@0.0.19~dist-mac: PATH: /Users/olegsokolov/.nvm/versions/node/v6.9.1/lib/node_modules/npm/bin/node-gyp-bin:/Users/olegsokolov/Documents/NavtoolProjects/navtool/node_modules/.bin:/Users/olegsokolov/.nvm/versions/node/v6.9.1/bin:/Users/olegsokolov/.rvm/gems/ruby-2.1.5/bin:/Users/olegsokolov/.rvm/gems/ruby-2.1.5@global/bin:/Users/olegsokolov/.rvm/rubies/ruby-2.1.5/bin:/usr/local/bin:/usr/bin:/bin:/usr/sbin:/sbin:/opt/X11/bin:/Users/olegsokolov/.rvm/bin:/Users/olegsokolov/.rvm/bin
10 verbose lifecycle NavToolUpdater@0.0.19~dist-mac: CWD: /Users/olegsokolov/Documents/NavtoolProjects/navtool
11 silly lifecycle NavToolUpdater@0.0.19~dist-mac: Args: [ '-c', 'build --mac -p always' ]
12 silly lifecycle NavToolUpdater@0.0.19~dist-mac: Returned: code: 255  signal: null
13 info lifecycle NavToolUpdater@0.0.19~dist-mac: Failed to exec dist-mac script
14 verbose stack Error: NavToolUpdater@0.0.19 dist-mac: `build --mac -p always`
14 verbose stack Exit status 255
14 verbose stack     at EventEmitter.<anonymous> (/Users/olegsokolov/.nvm/versions/node/v6.9.1/lib/node_modules/npm/lib/utils/lifecycle.js:255:16)
14 verbose stack     at emitTwo (events.js:106:13)
14 verbose stack     at EventEmitter.emit (events.js:191:7)
14 verbose stack     at ChildProcess.<anonymous> (/Users/olegsokolov/.nvm/versions/node/v6.9.1/lib/node_modules/npm/lib/utils/spawn.js:40:14)
14 verbose stack     at emitTwo (events.js:106:13)
14 verbose stack     at ChildProcess.emit (events.js:191:7)
14 verbose stack     at maybeClose (internal/child_process.js:877:16)
14 verbose stack     at Process.ChildProcess._handle.onexit (internal/child_process.js:226:5)
15 verbose pkgid NavToolUpdater@0.0.19
16 verbose cwd /Users/olegsokolov/Documents/NavtoolProjects/navtool
17 error Darwin 16.3.0
18 error argv "/Users/olegsokolov/.nvm/versions/node/v6.9.1/bin/node" "/Users/olegsokolov/.nvm/versions/node/v6.9.1/bin/npm" "run" "dist-mac"
19 error node v6.9.1
20 error npm  v3.10.8
21 error code ELIFECYCLE
22 error NavToolUpdater@0.0.19 dist-mac: `build --mac -p always`
22 error Exit status 255
23 error Failed at the NavToolUpdater@0.0.19 dist-mac script 'build --mac -p always'.
23 error Make sure you have the latest version of node.js and npm installed.
23 error If you do, this is most likely a problem with the NavToolUpdater package,
23 error not with npm itself.
23 error Tell the author that this fails on your system:
23 error     build --mac -p always
23 error You can get information on how to open an issue for this project with:
23 error     npm bugs NavToolUpdater
23 error Or if that isn't available, you can get their info via:
23 error     npm owner ls NavToolUpdater
23 error There is likely additional logging output above.
24 verbose exit [ 1, true ]
